<?xml version="1.0" encoding="UTF-8"?>
<!-- Generated by org.testng.reporters.JUnitReportReporter -->
<testsuite hostname="DESKTOP-PU73V0O" failures="0" tests="3" name="ui_automations.boardTests" time="12.828" errors="0" timestamp="2025-07-15T22:58:41 IST" skipped="0">
  <testcase classname="ui_automations.boardTests" name="boardCreation" time="0.841"/>
  <testcase classname="ui_automations.boardTests" name="removeList" time="0.743"/>
  <testcase classname="ui_automations.boardTests" name="addingLists" time="11.244"/>
</testsuite> <!-- ui_automations.boardTests -->
