<?xml version="1.0" encoding="UTF-8"?>
<!-- Generated by org.testng.reporters.JUnitReportReporter -->
<testsuite hostname="DESKTOP-PU73V0O" failures="0" tests="2" name="ui_automations.apiListTest" time="1.327" errors="0" timestamp="2025-07-15T22:56:11 IST" skipped="0">
  <testcase classname="ui_automations.apiListTest" name="postRequest" time="1.272"/>
  <testcase classname="ui_automations.apiListTest" name="deleteRequest" time="0.055"/>
</testsuite> <!-- ui_automations.apiListTest -->
